-------------------------------------------------------------------------------
Test set: com.bit.test.RunnerTest
-------------------------------------------------------------------------------
Tests run: 1, Failures: 0, Errors: 1, Skipped: 0, Time elapsed: 0.677 sec <<< FAILURE!
As a user should not login using invalid credential(facebook Login validation)  Time elapsed: 0.201 sec  <<< ERROR!
io.cucumber.junit.UndefinedStepException: The step 'open browser' and 5 other step(s) are undefined.
You can implement these steps using the snippet(s) below:

@Given("open browser")
public void open_browser() {
    // Write code here that turns the phrase above into concrete actions
    throw new io.cucumber.java.PendingException();
}
@Given("navigate to url")
public void navigate_to_url() {
    // Write code here that turns the phrase above into concrete actions
    throw new io.cucumber.java.PendingException();
}
@When("user type userid on user text box")
public void user_type_userid_on_user_text_box() {
    // Write code here that turns the phrase above into concrete actions
    throw new io.cucumber.java.PendingException();
}
@When("user type password on password text box")
public void user_type_password_on_password_text_box() {
    // Write code here that turns the phrase above into concrete actions
    throw new io.cucumber.java.PendingException();
}
@When("user click on login button")
public void user_click_on_login_button() {
    // Write code here that turns the phrase above into concrete actions
    throw new io.cucumber.java.PendingException();
}
@Then("user should not login to the profile page")
public void user_should_not_login_to_the_profile_page() {
    // Write code here that turns the phrase above into concrete actions
    throw new io.cucumber.java.PendingException();
}


