<?xml version="1.0" encoding="UTF-8" ?>
<testsuite tests="1" failures="0" name="com.bit.test.RunnerTest" time="0.201" errors="1" skipped="0">
  <properties>
[...]
</properties>
  <testcase classname="facebook Login validation" name="As a user should not login using invalid credential" time="0.201">
    <error message="The step &apos;open browser&apos; and 5 other step(s) are undefined.
You can implement these steps using the snippet(s) below:

@Given(&quot;open browser&quot;)
public void open_browser() {
    // Write code here that turns the phrase above into concrete actions
    throw new io.cucumber.java.PendingException();
}
@Given(&quot;navigate to url&quot;)
public void navigate_to_url() {
    // Write code here that turns the phrase above into concrete actions
    throw new io.cucumber.java.PendingException();
}
@When(&quot;user type userid on user text box&quot;)
public void user_type_userid_on_user_text_box() {
    // Write code here that turns the phrase above into concrete actions
    throw new io.cucumber.java.PendingException();
}
@When(&quot;user type password on password text box&quot;)
public void user_type_password_on_password_text_box() {
    // Write code here that turns the phrase above into concrete actions
    throw new io.cucumber.java.PendingException();
}
@When(&quot;user click on login button&quot;)
public void user_click_on_login_button() {
    // Write code here that turns the phrase above into concrete actions
    throw new io.cucumber.java.PendingException();
}
@Then(&quot;user should not login to the profile page&quot;)
public void user_should_not_login_to_the_profile_page() {
    // Write code here that turns the phrase above into concrete actions
    throw new io.cucumber.java.PendingException();
}
" type="io.cucumber.junit.UndefinedStepException">io.cucumber.junit.UndefinedStepException: The step &apos;open browser&apos; and 5 other step(s) are undefined.
You can implement these steps using the snippet(s) below:

@Given(&quot;open browser&quot;)
public void open_browser() {
    // Write code here that turns the phrase above into concrete actions
    throw new io.cucumber.java.PendingException();
}
@Given(&quot;navigate to url&quot;)
public void navigate_to_url() {
    // Write code here that turns the phrase above into concrete actions
    throw new io.cucumber.java.PendingException();
}
@When(&quot;user type userid on user text box&quot;)
public void user_type_userid_on_user_text_box() {
    // Write code here that turns the phrase above into concrete actions
    throw new io.cucumber.java.PendingException();
}
@When(&quot;user type password on password text box&quot;)
public void user_type_password_on_password_text_box() {
    // Write code here that turns the phrase above into concrete actions
    throw new io.cucumber.java.PendingException();
}
@When(&quot;user click on login button&quot;)
public void user_click_on_login_button() {
    // Write code here that turns the phrase above into concrete actions
    throw new io.cucumber.java.PendingException();
}
@Then(&quot;user should not login to the profile page&quot;)
public void user_should_not_login_to_the_profile_page() {
    // Write code here that turns the phrase above into concrete actions
    throw new io.cucumber.java.PendingException();
}

</error>
  </testcase>
</testsuite>